mode: atomic
github.com/nirnanaaa/go-sepa/creditor_identifier.go:15.68,19.43 4 8
github.com/nirnanaaa/go-sepa/creditor_identifier.go:22.2,28.12 7 5
github.com/nirnanaaa/go-sepa/creditor_identifier.go:31.2,31.23 1 4
github.com/nirnanaaa/go-sepa/creditor_identifier.go:19.43,21.3 1 3
github.com/nirnanaaa/go-sepa/creditor_identifier.go:28.12,30.3 1 1
github.com/nirnanaaa/go-sepa/creditor_identifier.go:34.56,37.2 2 8
github.com/nirnanaaa/go-sepa/creditor_identifier.go:39.45,42.2 2 5
github.com/nirnanaaa/go-sepa/creditor_identifier.go:44.62,46.2 1 5
github.com/nirnanaaa/go-sepa/creditor_identifier.go:48.64,50.2 1 5
github.com/nirnanaaa/go-sepa/creditor_identifier.go:89.54,92.29 3 6
github.com/nirnanaaa/go-sepa/creditor_identifier.go:101.2,101.22 1 6
github.com/nirnanaaa/go-sepa/creditor_identifier.go:92.29,96.17 4 102
github.com/nirnanaaa/go-sepa/creditor_identifier.go:99.3,99.43 1 102
github.com/nirnanaaa/go-sepa/creditor_identifier.go:96.17,98.4 1 0
github.com/nirnanaaa/go-sepa/creditor_identifier.go:106.55,108.23 2 6
github.com/nirnanaaa/go-sepa/creditor_identifier.go:116.2,116.33 1 6
github.com/nirnanaaa/go-sepa/creditor_identifier.go:108.23,110.41 2 93
github.com/nirnanaaa/go-sepa/creditor_identifier.go:114.3,114.29 1 78
github.com/nirnanaaa/go-sepa/creditor_identifier.go:110.41,112.12 2 15
